GYFM3.exe Information: 0 : Version: 3.2.0.0
SyncControlsToFontDetails-IN
UpdateWindow-IN
Void InvokeHandler(System.Delegate, System.Object),Void UpdateWindow(),DrawToBitmap(Showcard Gothic,Normal,72,<~>,~,500,1000,0,5,6,0)
UpdateWindow-OUT
SyncControlsToFontDetails-OUT
SyncFontDetailsToControls-IN
SyncFontDetailsToControls-OUT
OnResetToDefaults-IN
SyncControlsToFontDetails-IN
UpdateWindow-IN
Void InvokeHandler(System.Delegate, System.Object),Void UpdateWindow(),DrawToBitmap(Arial,Regular,72,<~>,~,500,1000,1,1,1,1)
UpdateWindow-OUT
SyncControlsToFontDetails-OUT
UpdateWindow-IN
Void OnResetToDefaults(System.Object, System.Windows.RoutedEventArgs),Void UpdateWindow(),DrawToBitmap(Arial,Regular,72,<~>,~,500,1000,1,1,1,1)
UpdateWindow-OUT
OnResetToDefaults-OUT
SyncFontDetailsToControls-IN
SyncFontDetailsToControls-OUT
SyncControlsToFontDetails-IN
SyncControlsToFontDetails-OUT
UpdateWindow-IN
Void buttonFont(System.Object, System.Windows.RoutedEventArgs),Void UpdateWindow(),DrawToBitmap(Showcard Gothic,Normal,20,<~>,~,500,1000,1,1,1,1)
UpdateWindow-OUT
SyncFontDetailsToControls-IN
SyncFontDetailsToControls-OUT
UpdateWindow-IN
Void InvokeHandlersImpl(System.Object, System.Windows.RoutedEventArgs, Boolean),Void UpdateWindow(),DrawToBitmap(Showcard Gothic,Normal,20,<~>,~,500,1000,1,1,1,1)
UpdateWindow-OUT
SyncFontDetailsToControls-IN
SyncFontDetailsToControls-OUT
UpdateWindow-IN
Void OnValueChanged(System.Object, System.Windows.RoutedPropertyChangedEventArgs`1[System.Object]),Void UpdateWindow(),DrawToBitmap(Showcard Gothic,Normal,20,<~>,~,500,1000,1,2,1,1)
UpdateWindow-OUT
SyncFontDetailsToControls-IN
SyncFontDetailsToControls-OUT
UpdateWindow-IN
Void OnValueChanged(System.Object, System.Windows.RoutedPropertyChangedEventArgs`1[System.Object]),Void UpdateWindow(),DrawToBitmap(Showcard Gothic,Normal,20,<~>,~,500,1000,1,2,2,1)
UpdateWindow-OUT
SyncFontDetailsToControls-IN
SyncFontDetailsToControls-OUT
UpdateWindow-IN
Void OnValueChanged(System.Object, System.Windows.RoutedPropertyChangedEventArgs`1[System.Object]),Void UpdateWindow(),DrawToBitmap(Showcard Gothic,Normal,20,<~>,~,500,1000,1,1,2,1)
UpdateWindow-OUT
SyncFontDetailsToControls-IN
SyncFontDetailsToControls-OUT
UpdateWindow-IN
Void OnValueChanged(System.Object, System.Windows.RoutedPropertyChangedEventArgs`1[System.Object]),Void UpdateWindow(),DrawToBitmap(Showcard Gothic,Normal,20,<~>,~,500,1000,1,1,1,1)
UpdateWindow-OUT
SyncFontDetailsToControls-IN
SyncFontDetailsToControls-OUT
UpdateWindow-IN
Void OnValueChanged(System.Object, System.Windows.RoutedPropertyChangedEventArgs`1[System.Object]),Void UpdateWindow(),DrawToBitmap(Showcard Gothic,Normal,20,<~>,~,500,1000,1,1,2,1)
UpdateWindow-OUT
SyncFontDetailsToControls-IN
SyncFontDetailsToControls-OUT
UpdateWindow-IN
Void OnValueChanged(System.Object, System.Windows.RoutedPropertyChangedEventArgs`1[System.Object]),Void UpdateWindow(),DrawToBitmap(Showcard Gothic,Normal,20,<~>,~,500,1000,1,1,3,1)
UpdateWindow-OUT
SyncFontDetailsToControls-IN
SyncFontDetailsToControls-OUT
UpdateWindow-IN
Void OnValueChanged(System.Object, System.Windows.RoutedPropertyChangedEventArgs`1[System.Object]),Void UpdateWindow(),DrawToBitmap(Showcard Gothic,Normal,20,<~>,~,500,1000,1,2,3,1)
UpdateWindow-OUT
SyncFontDetailsToControls-IN
SyncFontDetailsToControls-OUT
UpdateWindow-IN
Void OnValueChanged(System.Object, System.Windows.RoutedPropertyChangedEventArgs`1[System.Object]),Void UpdateWindow(),DrawToBitmap(Showcard Gothic,Normal,20,<~>,~,500,1000,1,3,3,1)
UpdateWindow-OUT
Void InvokeHandlersImpl(System.Object, System.Windows.RoutedEventArgs, Boolean),Void OnSaveFile(System.Object, System.Windows.RoutedEventArgs),DrawToBitmap(Showcard Gothic,Normal,20,<~>,~,0,0,1,3,3,1)
SyncFontDetailsToControls-IN
SyncFontDetailsToControls-OUT
SyncControlsToFontDetails-IN
SyncControlsToFontDetails-OUT
UpdateWindow-IN
Void buttonFont(System.Object, System.Windows.RoutedEventArgs),Void UpdateWindow(),DrawToBitmap(Showcard Gothic,Normal,20,<~>,~,500,1000,1,1,1,1)
UpdateWindow-OUT
UpdateWindow-IN
Void InvokeHandler(System.Delegate, System.Object),Void UpdateWindow(),DrawToBitmap(Showcard Gothic,Normal,20,<~>,~,500,1000,1,1,1,1)
UpdateWindow-OUT
Void InvokeHandlersImpl(System.Object, System.Windows.RoutedEventArgs, Boolean),Void OnSaveFile(System.Object, System.Windows.RoutedEventArgs),DrawToBitmap(Showcard Gothic,Normal,20,<~>,~,0,0,1,1,1,1)
SyncFontDetailsToControls-IN
SyncFontDetailsToControls-OUT
UpdateWindow-IN
Void OnValueChanged(System.Object, System.Windows.RoutedPropertyChangedEventArgs`1[System.Object]),Void UpdateWindow(),DrawToBitmap(Showcard Gothic,Normal,20,<~>,~,500,1000,1,1,2,1)
UpdateWindow-OUT
SyncFontDetailsToControls-IN
SyncFontDetailsToControls-OUT
UpdateWindow-IN
Void OnValueChanged(System.Object, System.Windows.RoutedPropertyChangedEventArgs`1[System.Object]),Void UpdateWindow(),DrawToBitmap(Showcard Gothic,Normal,20,<~>,~,500,1000,1,1,3,1)
UpdateWindow-OUT
SyncFontDetailsToControls-IN
SyncFontDetailsToControls-OUT
UpdateWindow-IN
Void OnValueChanged(System.Object, System.Windows.RoutedPropertyChangedEventArgs`1[System.Object]),Void UpdateWindow(),DrawToBitmap(Showcard Gothic,Normal,20,<~>,~,500,1000,1,2,3,1)
UpdateWindow-OUT
SyncFontDetailsToControls-IN
SyncFontDetailsToControls-OUT
UpdateWindow-IN
Void OnValueChanged(System.Object, System.Windows.RoutedPropertyChangedEventArgs`1[System.Object]),Void UpdateWindow(),DrawToBitmap(Showcard Gothic,Normal,20,<~>,~,500,1000,1,3,3,1)
UpdateWindow-OUT
Void InvokeHandlersImpl(System.Object, System.Windows.RoutedEventArgs, Boolean),Void OnSaveFile(System.Object, System.Windows.RoutedEventArgs),DrawToBitmap(Showcard Gothic,Normal,20,<~>,~,0,0,1,3,3,1)
SyncFontDetailsToControls-IN
SyncFontDetailsToControls-OUT
UpdateWindow-IN
Void OnValueChanged(System.Object, System.Windows.RoutedPropertyChangedEventArgs`1[System.Object]),Void UpdateWindow(),DrawToBitmap(Showcard Gothic,Normal,20,<~>,~,500,1000,1,2,3,1)
UpdateWindow-OUT
SyncFontDetailsToControls-IN
SyncFontDetailsToControls-OUT
UpdateWindow-IN
Void OnValueChanged(System.Object, System.Windows.RoutedPropertyChangedEventArgs`1[System.Object]),Void UpdateWindow(),DrawToBitmap(Showcard Gothic,Normal,20,<~>,~,500,1000,1,1,3,1)
UpdateWindow-OUT
SyncFontDetailsToControls-IN
SyncFontDetailsToControls-OUT
UpdateWindow-IN
Void OnValueChanged(System.Object, System.Windows.RoutedPropertyChangedEventArgs`1[System.Object]),Void UpdateWindow(),DrawToBitmap(Showcard Gothic,Normal,20,<~>,~,500,1000,1,1,2,1)
UpdateWindow-OUT
SyncFontDetailsToControls-IN
SyncFontDetailsToControls-OUT
UpdateWindow-IN
Void OnValueChanged(System.Object, System.Windows.RoutedPropertyChangedEventArgs`1[System.Object]),Void UpdateWindow(),DrawToBitmap(Showcard Gothic,Normal,20,<~>,~,500,1000,1,1,1,1)
UpdateWindow-OUT
Void InvokeHandlersImpl(System.Object, System.Windows.RoutedEventArgs, Boolean),Void OnSaveFile(System.Object, System.Windows.RoutedEventArgs),DrawToBitmap(Showcard Gothic,Normal,20,<~>,~,0,0,1,1,1,1)
SyncFontDetailsToControls-IN
SyncFontDetailsToControls-OUT
SyncControlsToFontDetails-IN
SyncControlsToFontDetails-OUT
UpdateWindow-IN
Void buttonFont(System.Object, System.Windows.RoutedEventArgs),Void UpdateWindow(),DrawToBitmap(Showcard Gothic,Normal,40,<~>,~,500,1000,1,1,1,1)
UpdateWindow-OUT
Void InvokeHandlersImpl(System.Object, System.Windows.RoutedEventArgs, Boolean),Void OnSaveFile(System.Object, System.Windows.RoutedEventArgs),DrawToBitmap(Showcard Gothic,Normal,40,<~>,~,0,0,1,1,1,1)
SyncFontDetailsToControls-IN
SyncFontDetailsToControls-OUT
SyncControlsToFontDetails-IN
SyncControlsToFontDetails-OUT
UpdateWindow-IN
Void buttonFont(System.Object, System.Windows.RoutedEventArgs),Void UpdateWindow(),DrawToBitmap(Showcard Gothic,Normal,24,<~>,~,500,1000,1,1,1,1)
UpdateWindow-OUT
SyncFontDetailsToControls-IN
SyncFontDetailsToControls-OUT
SyncControlsToFontDetails-IN
SyncControlsToFontDetails-OUT
UpdateWindow-IN
Void buttonFont(System.Object, System.Windows.RoutedEventArgs),Void UpdateWindow(),DrawToBitmap(Showcard Gothic,Normal,24,<~>,~,500,1000,1,1,1,1)
UpdateWindow-OUT
SyncFontDetailsToControls-IN
SyncFontDetailsToControls-OUT
SyncControlsToFontDetails-IN
SyncControlsToFontDetails-OUT
UpdateWindow-IN
Void buttonFont(System.Object, System.Windows.RoutedEventArgs),Void UpdateWindow(),DrawToBitmap(Showcard Gothic,Normal,48,<~>,~,500,1000,1,1,1,1)
UpdateWindow-OUT
SyncFontDetailsToControls-IN
SyncFontDetailsToControls-OUT
SyncControlsToFontDetails-IN
SyncControlsToFontDetails-OUT
UpdateWindow-IN
Void buttonFont(System.Object, System.Windows.RoutedEventArgs),Void UpdateWindow(),DrawToBitmap(Showcard Gothic,Normal,24,<~>,~,500,1000,1,1,1,1)
UpdateWindow-OUT
Void InvokeHandlersImpl(System.Object, System.Windows.RoutedEventArgs, Boolean),Void OnSaveFile(System.Object, System.Windows.RoutedEventArgs),DrawToBitmap(Showcard Gothic,Normal,24,<~>,~,0,0,1,1,1,1)
SyncFontDetailsToControls-IN
SyncFontDetailsToControls-OUT
SyncControlsToFontDetails-IN
SyncControlsToFontDetails-OUT
UpdateWindow-IN
Void buttonFont(System.Object, System.Windows.RoutedEventArgs),Void UpdateWindow(),DrawToBitmap(Showcard Gothic,Normal,24,<~>,~,500,1000,1,1,1,1)
UpdateWindow-OUT
SyncFontDetailsToControls-IN
SyncFontDetailsToControls-OUT
SyncControlsToFontDetails-IN
SyncControlsToFontDetails-OUT
UpdateWindow-IN
Void buttonFont(System.Object, System.Windows.RoutedEventArgs),Void UpdateWindow(),DrawToBitmap(Showcard Gothic,Normal,40,<~>,~,500,1000,1,1,1,1)
UpdateWindow-OUT
Void InvokeHandlersImpl(System.Object, System.Windows.RoutedEventArgs, Boolean),Void OnSaveFile(System.Object, System.Windows.RoutedEventArgs),DrawToBitmap(Showcard Gothic,Normal,40,<~>,~,0,0,1,1,1,1)
SyncFontDetailsToControls-IN
SyncFontDetailsToControls-OUT
SyncControlsToFontDetails-IN
SyncControlsToFontDetails-OUT
UpdateWindow-IN
Void buttonFont(System.Object, System.Windows.RoutedEventArgs),Void UpdateWindow(),DrawToBitmap(Showcard Gothic,Normal,40,<~>,~,500,1000,1,1,1,1)
UpdateWindow-OUT
Void InvokeHandlersImpl(System.Object, System.Windows.RoutedEventArgs, Boolean),Void OnSaveFile(System.Object, System.Windows.RoutedEventArgs),DrawToBitmap(Showcard Gothic,Normal,40,<~>,~,0,0,1,1,1,1)
SyncFontDetailsToControls-IN
SyncFontDetailsToControls-OUT
SyncControlsToFontDetails-IN
SyncControlsToFontDetails-OUT
UpdateWindow-IN
Void buttonFont(System.Object, System.Windows.RoutedEventArgs),Void UpdateWindow(),DrawToBitmap(Showcard Gothic,Normal,40,<~>,~,500,1000,1,1,1,1)
UpdateWindow-OUT
SyncFontDetailsToControls-IN
SyncFontDetailsToControls-OUT
SyncControlsToFontDetails-IN
SyncControlsToFontDetails-OUT
UpdateWindow-IN
Void buttonFont(System.Object, System.Windows.RoutedEventArgs),Void UpdateWindow(),DrawToBitmap(Showcard Gothic,Normal,40,<~>,~,500,1000,1,1,1,1)
UpdateWindow-OUT
SyncFontDetailsToControls-IN
SyncFontDetailsToControls-OUT
SyncControlsToFontDetails-IN
SyncControlsToFontDetails-OUT
UpdateWindow-IN
Void buttonFont(System.Object, System.Windows.RoutedEventArgs),Void UpdateWindow(),DrawToBitmap(Showcard Gothic,Normal,40,<~>,~,500,1000,1,1,1,1)
UpdateWindow-OUT
SyncFontDetailsToControls-IN
SyncFontDetailsToControls-OUT
SyncControlsToFontDetails-IN
SyncControlsToFontDetails-OUT
UpdateWindow-IN
Void buttonFont(System.Object, System.Windows.RoutedEventArgs),Void UpdateWindow(),DrawToBitmap(Showcard Gothic,Normal,40,<~>,~,500,1000,1,1,1,1)
UpdateWindow-OUT
Void InvokeHandlersImpl(System.Object, System.Windows.RoutedEventArgs, Boolean),Void OnSaveFile(System.Object, System.Windows.RoutedEventArgs),DrawToBitmap(Showcard Gothic,Normal,40,<~>,~,0,0,1,1,1,1)
SyncFontDetailsToControls-IN
SyncFontDetailsToControls-OUT
SyncControlsToFontDetails-IN
SyncControlsToFontDetails-OUT
UpdateWindow-IN
Void buttonFont(System.Object, System.Windows.RoutedEventArgs),Void UpdateWindow(),DrawToBitmap(Showcard Gothic,Normal,40,<~>,~,500,1000,1,1,1,1)
UpdateWindow-OUT
